Arguments: 
  /usr/local/bin/node /Users/shinekidd/.yarn/bin/yarn.js

PATH: 
  /tmp/yarn--1646019563466-0.8551653858896466:/Users/shinekidd/Desktop/micro-fe/hello-icestark/node_modules/.bin:/usr/local/share/.config/yarn/link/node_modules/.bin:/usr/local/libexec/lib/node_modules/npm/bin/node-gyp-bin:/usr/local/lib/node_modules/npm/bin/node-gyp-bin:/usr/local/bin/node_modules/npm/bin/node-gyp-bin:/Users/shinekidd/.yarn/bin:/Users/shinekidd/.config/yarn/global/node_modules/.bin:/usr/local/bin:/usr/bin:/bin:/usr/sbin:/sbin:/Library/Apple/usr/bin:/Users/shinekidd/.yarn/bin:/Users/shinekidd/.config/yarn/global/node_modules/.bin

Yarn version: 
  1.22.5

Node version: 
  14.17.5

Platform: 
  darwin x64

Trace: 
  Error: ENOENT: no such file or directory, scandir '/usr/local/share/Library/Caches/Yarn/v6/npm-object-assign-4.1.1-2109adc7965887cfc05cbbd442cac8bfbb360863-integrity/node_modules/object-assign'

npm manifest: 
  {
    "name": "@vue-materials/icestark-layout-app",
    "version": "0.1.0",
    "description": "icestark 基于 Vue 的主应用模板",
    "scripts": {
      "dev": "vite",
      "build": "vue-tsc --noEmit && vite build",
      "serve": "vite preview"
    },
    "dependencies": {
      "@element-plus/icons-vue": "^0.2.4",
      "@ice/stark": "^2.6.1",
      "element-plus": "^1.2.0-beta.6",
      "vue": "^3.2.16",
      "vue-router": "^4.0.11"
    },
    "devDependencies": {
      "@vitejs/plugin-vue": "^1.9.2",
      "typescript": "^4.4.3",
      "vite": "^2.6.0",
      "vite-plugin-index-html": "^0.1.0",
      "vue-tsc": "^0.3.0"
    },
    "repository": {
      "type": "git",
      "url": "https://github.com/ice-lab/vue-materials/tree/master/scaffolds/icestark-framework-app"
    },
    "license": "MIT",
    "keywords": [
      "ice",
      "ice-scaffold"
    ],
    "private": true,
    "originTemplate": "@vue-materials/icestark-layout-app"
  }

yarn manifest: 
  No manifest

Lockfile: 
  No lockfile
